In file included from ../ext/bson.cc:36:
In file included from ../ext/bson.h:17:
In file included from ../../nan/nan.h:82:
../../nan/nan_new.h:24:43: error: no member named 'Handle' in namespace 'v8'
template <typename T> v8::Local<T> To(v8::Handle<v8::Integer> i);
                                      ~~~~^
../../nan/nan_new.h:24:61: error: expected '(' for function-style cast or type construction
template <typename T> v8::Local<T> To(v8::Handle<v8::Integer> i);
                                                 ~~~~~~~~~~~^
../../nan/nan_new.h:24:63: error: use of undeclared identifier 'i'
template <typename T> v8::Local<T> To(v8::Handle<v8::Integer> i);
                                                              ^
../../nan/nan_new.h:29:21: error: no type named 'Handle' in namespace 'v8'
To<v8::Integer>(v8::Handle<v8::Integer> i) { return i->ToInteger(); }
                ~~~~^
../../nan/nan_new.h:29:27: error: expected ')'
To<v8::Integer>(v8::Handle<v8::Integer> i) { return i->ToInteger(); }
                          ^
../../nan/nan_new.h:29:16: note: to match this '('
To<v8::Integer>(v8::Handle<v8::Integer> i) { return i->ToInteger(); }
               ^
../../nan/nan_new.h:29:1: error: no function template matches function template specialization 'To'
To<v8::Integer>(v8::Handle<v8::Integer> i) { return i->ToInteger(); }
^
../../nan/nan_new.h:29:53: error: use of undeclared identifier 'i'
To<v8::Integer>(v8::Handle<v8::Integer> i) { return i->ToInteger(); }
                                                    ^
../../nan/nan_new.h:34:19: error: no type named 'Handle' in namespace 'v8'
To<v8::Int32>(v8::Handle<v8::Integer> i)   { return i->ToInt32(); }
              ~~~~^
../../nan/nan_new.h:34:25: error: expected ')'
To<v8::Int32>(v8::Handle<v8::Integer> i)   { return i->ToInt32(); }
                        ^
../../nan/nan_new.h:34:14: note: to match this '('
To<v8::Int32>(v8::Handle<v8::Integer> i)   { return i->ToInt32(); }
             ^
../../nan/nan_new.h:34:1: error: no function template matches function template specialization 'To'
To<v8::Int32>(v8::Handle<v8::Integer> i)   { return i->ToInt32(); }
^
../../nan/nan_new.h:34:53: error: use of undeclared identifier 'i'
To<v8::Int32>(v8::Handle<v8::Integer> i)   { return i->ToInt32(); }
                                                    ^
../../nan/nan_new.h:39:20: error: no type named 'Handle' in namespace 'v8'
To<v8::Uint32>(v8::Handle<v8::Integer> i)  { return i->ToUint32(); }
               ~~~~^
../../nan/nan_new.h:39:26: error: expected ')'
To<v8::Uint32>(v8::Handle<v8::Integer> i)  { return i->ToUint32(); }
                         ^
../../nan/nan_new.h:39:15: note: to match this '('
To<v8::Uint32>(v8::Handle<v8::Integer> i)  { return i->ToUint32(); }
              ^
../../nan/nan_new.h:39:1: error: no function template matches function template specialization 'To'
To<v8::Uint32>(v8::Handle<v8::Integer> i)  { return i->ToUint32(); }
^
../../nan/nan_new.h:39:53: error: use of undeclared identifier 'i'
To<v8::Uint32>(v8::Handle<v8::Integer> i)  { return i->ToUint32(); }
                                                    ^
../../nan/nan_new.h:66:12: error: no type named 'Handle' in namespace 'v8'
     , v8::Handle<v8::ObjectTemplate> tmpl = v8::Handle<v8::ObjectTemplate>()
       ~~~~^
../../nan/nan_new.h:66:18: error: expected ')'
     , v8::Handle<v8::ObjectTemplate> tmpl = v8::Handle<v8::ObjectTemplate>()
                 ^
../../nan/nan_new.h:65:6: note: to match this '('
  New( v8::ExtensionConfiguration* extensions = NULL
     ^
../../nan/nan_new.h:85:12: error: no type named 'Handle' in namespace 'v8'
     , v8::Handle<v8::Value> data = v8::Handle<v8::Value>());
       ~~~~^
../../nan/nan_new.h:85:18: error: expected ')'
     , v8::Handle<v8::Value> data = v8::Handle<v8::Value>());
                 ^
../../nan/nan_new.h:84:6: note: to match this '('
  New( NanFunctionCallback callback
     ^
fatal error: too many errors emitted, stopping now [-ferror-limit=]
20 errors generated.
make: *** [Release/obj.target/bson/ext/bson.o] Error 1
gyp ERR! build error 
gyp ERR! stack Error: `make` failed with exit code: 2
gyp ERR! stack     at ChildProcess.onExit (/usr/local/lib/node_modules/npm/node_modules/node-gyp/lib/build.js:262:23)
gyp ERR! stack     at ChildProcess.emit (events.js:203:13)
gyp ERR! stack     at Process.ChildProcess._handle.onexit (internal/child_process.js:272:12)
gyp ERR! System Darwin 16.7.0
gyp ERR! command "/usr/local/Cellar/node/12.6.0/bin/node" "/usr/local/lib/node_modules/npm/node_modules/node-gyp/bin/node-gyp.js" "rebuild"
gyp ERR! cwd /Users/ousmaneyade3/Code/Ironhack /Week 5/Day 3/pair/lab-nodemailer/node_modules/email-verification/node_modules/bson
gyp ERR! node -v v12.6.0
gyp ERR! node-gyp -v v3.8.0
gyp ERR! not ok 
